<?xml version="1.0" encoding="UTF-8"?>
<!-- Generated by org.testng.reporters.JUnitReportReporter -->
<testsuite skipped="0" hostname="MWEB-ASD2DUC014" name="ropa_1site.QA_md_forms" tests="1" failures="0" timestamp="21 Apr 2017 10:59:14 GMT" time="48.318" errors="0">
  <testcase name="md" time="48.318" classname="ropa_1site.QA_md_forms"/>
</testsuite> <!-- ropa_1site.QA_md_forms -->
