<?xml version="1.0" encoding="UTF-8"?>
<!-- Generated by org.testng.reporters.JUnitReportReporter -->
<testsuite skipped="0" hostname="MWEB-ASD2DUC014" name="ropa_offline.Ropa_MdForms_offline" tests="2" failures="0" timestamp="11 Jul 2017 07:07:37 GMT" time="1074.164" errors="0">
  <testcase name="filezip" time="32.109" classname="ropa_offline.Ropa_MdForms_offline"/>
  <testcase name="mdforms" time="1042.055" classname="ropa_offline.Ropa_MdForms_offline"/>
</testsuite> <!-- ropa_offline.Ropa_MdForms_offline -->
