<?xml version="1.0" encoding="UTF-8"?>
<!-- Generated by org.testng.reporters.JUnitReportReporter -->
<testsuite skipped="0" hostname="MWEB-ASD2DUC014" name="ropa_1site_Application.NewTest" tests="1" failures="0" timestamp="11 Jul 2017 13:06:15 GMT" time="1.798" errors="0">
  <testcase name="test" time="1.798" classname="ropa_1site_Application.NewTest"/>
</testsuite> <!-- ropa_1site_Application.NewTest -->
