<?xml version="1.0" encoding="UTF-8"?>
<!-- Generated by org.testng.reporters.JUnitReportReporter -->
<testsuite skipped="0" hostname="MWEB-ASD3DUC014" name="ropaToolKit.RopaToolKit_phyInterview" tests="2" failures="0" timestamp="03 Oct 2017 06:04:00 GMT" time="23.051" errors="0">
  <testcase name="login" time="10.814" classname="ropaToolKit.RopaToolKit_phyInterview"/>
  <testcase name="physicist_Interview_forms" time="12.237" classname="ropaToolKit.RopaToolKit_phyInterview"/>
</testsuite> <!-- ropaToolKit.RopaToolKit_phyInterview -->
