<?xml version="1.0" encoding="UTF-8"?>
<!-- Generated by org.testng.reporters.JUnitReportReporter -->
<testsuite skipped="0" hostname="MWEB-ASD2DUC014" name="ropa_1site.QA_surveyors_assign" tests="3" failures="0" timestamp="19 May 2017 12:34:28 GMT" time="36.158" errors="0">
  <testcase name="search" time="3.868" classname="ropa_1site.QA_surveyors_assign"/>
  <testcase name="edit" time="23.247" classname="ropa_1site.QA_surveyors_assign"/>
  <testcase name="assign" time="9.043" classname="ropa_1site.QA_surveyors_assign"/>
</testsuite> <!-- ropa_1site.QA_surveyors_assign -->
