<?xml version="1.0" encoding="UTF-8"?>
<!-- Generated by org.testng.reporters.JUnitReportReporter -->
<testsuite skipped="0" hostname="MWEB-ASD2DUC014" name="ropa_surveyorsAssign.QA_surveyors_assign" tests="1" failures="0" timestamp="13 Jul 2017 09:51:27 GMT" time="51.905" errors="0">
  <testcase name="login" time="51.905" classname="ropa_surveyorsAssign.QA_surveyors_assign"/>
</testsuite> <!-- ropa_surveyorsAssign.QA_surveyors_assign -->
