<?xml version="1.0" encoding="UTF-8"?>
<!-- Generated by org.testng.reporters.JUnitReportReporter -->
<testsuite skipped="0" hostname="MWEB-ASD3DUC014" name="ropa_offline.MdForms_offline" tests="3" failures="0" timestamp="03 Oct 2017 13:48:38 GMT" time="166.034" errors="0">
  <testcase name="login" time="32.023" classname="ropa_offline.MdForms_offline"/>
  <testcase name="filezip" time="0.180" classname="ropa_offline.MdForms_offline"/>
  <testcase name="mdforms" time="133.831" classname="ropa_offline.MdForms_offline"/>
</testsuite> <!-- ropa_offline.MdForms_offline -->
