<?xml version="1.0" encoding="UTF-8"?>
<!-- Generated by org.testng.reporters.JUnitReportReporter -->
<testsuite skipped="0" hostname="MWEB-ASD2DUC014" name="ropa_mdforms.QA_md_OnsiteForms" tests="1" failures="0" timestamp="13 Jul 2017 09:51:27 GMT" time="37.444" errors="0">
  <testcase name="md" time="37.444" classname="ropa_mdforms.QA_md_OnsiteForms"/>
</testsuite> <!-- ropa_mdforms.QA_md_OnsiteForms -->
