<?xml version="1.0" encoding="UTF-8"?>
<!-- Generated by org.testng.reporters.JUnitReportReporter -->
<testsuite skipped="0" hostname="MWEB-ASD2DUC014" name="ropa_1site.QA_physicist_form" tests="1" failures="0" timestamp="26 Apr 2017 13:41:53 GMT" time="54.305" errors="0">
  <testcase name="md" time="54.305" classname="ropa_1site.QA_physicist_form"/>
</testsuite> <!-- ropa_1site.QA_physicist_form -->
