<?xml version="1.0" encoding="UTF-8"?>
<!-- Generated by org.testng.reporters.JUnitReportReporter -->
<testsuite skipped="0" hostname="MWEB-ASD3DUC014" name="ropaToolKit.RopaToolKit_PhyDataCollection" tests="2" failures="0" timestamp="03 Oct 2017 06:25:54 GMT" time="32.540" errors="0">
  <testcase name="login" time="9.526" classname="ropaToolKit.RopaToolKit_PhyDataCollection"/>
  <testcase name="phy_data_collection" time="23.014" classname="ropaToolKit.RopaToolKit_PhyDataCollection"/>
</testsuite> <!-- ropaToolKit.RopaToolKit_PhyDataCollection -->
