<?xml version="1.0" encoding="UTF-8"?>
<!-- Generated by org.testng.reporters.JUnitReportReporter -->
<testsuite skipped="0" hostname="MWEB-ASD2DUC014" name="ropa_mdforms.QA_mdDataCollection" tests="3" failures="0" timestamp="13 Jul 2017 09:51:27 GMT" time="418.771" errors="0">
  <testcase name="login" time="12.719" classname="ropa_mdforms.QA_mdDataCollection"/>
  <testcase name="md_data_collection" time="400.270" classname="ropa_mdforms.QA_mdDataCollection"/>
  <testcase name="phy_final_report" time="5.782" classname="ropa_mdforms.QA_mdDataCollection"/>
</testsuite> <!-- ropa_mdforms.QA_mdDataCollection -->
