<?xml version="1.0" encoding="UTF-8"?>
<!-- Generated by org.testng.reporters.JUnitReportReporter -->
<testsuite skipped="0" hostname="MWEB-ASD3DUC014" name="ropaToolKit.RopaToolKit_CheckList" tests="1" failures="0" timestamp="03 Oct 2017 06:27:23 GMT" time="15.131" errors="0">
  <testcase name="login" time="15.131" classname="ropaToolKit.RopaToolKit_CheckList"/>
</testsuite> <!-- ropaToolKit.RopaToolKit_CheckList -->
