<?xml version="1.0" encoding="UTF-8"?>
<!-- Generated by org.testng.reporters.JUnitReportReporter -->
<testsuite skipped="0" hostname="MWEB-ASD3DUC014" name="ropa_1site_Application.Application" tests="2" failures="0" timestamp="25 Oct 2017 07:21:50 GMT" time="212.936" errors="0">
  <testcase name="login" time="16.998" classname="ropa_1site_Application.Application"/>
  <testcase name="application" time="195.938" classname="ropa_1site_Application.Application"/>
</testsuite> <!-- ropa_1site_Application.Application -->
