<?xml version="1.0" encoding="UTF-8"?>
<!-- Generated by org.testng.reporters.JUnitReportReporter -->
<testsuite skipped="0" hostname="MWEB-ASD3DUC014" name="ropa_phyforms.Phy_DataCollection" tests="2" failures="0" timestamp="25 Oct 2017 07:35:01 GMT" time="73.267" errors="0">
  <testcase name="Phy_dataCollection" time="31.540" classname="ropa_phyforms.Phy_DataCollection"/>
  <testcase name="physician_final_report" time="41.727" classname="ropa_phyforms.Phy_DataCollection"/>
</testsuite> <!-- ropa_phyforms.Phy_DataCollection -->
