<?xml version="1.0" encoding="UTF-8"?>
<!-- Generated by org.testng.reporters.JUnitReportReporter -->
<testsuite skipped="0" hostname="MWEB-ASD2DUC014" name="ropa_phyforms.QA_phy_interview" tests="2" failures="0" timestamp="13 Jul 2017 09:51:27 GMT" time="29.490" errors="0">
  <testcase name="login" time="16.455" classname="ropa_phyforms.QA_phy_interview"/>
  <testcase name="phy_interview_form" time="13.035" classname="ropa_phyforms.QA_phy_interview"/>
</testsuite> <!-- ropa_phyforms.QA_phy_interview -->
