<?xml version="1.0" encoding="UTF-8"?>
<!-- Generated by org.testng.reporters.JUnitReportReporter -->
<testsuite skipped="0" hostname="MWEB-ASD3DUC014" name="ropa_CAPSubmit.CAP_Submit" tests="2" failures="0" timestamp="20 Oct 2017 10:43:57 GMT" time="31.942" errors="0">
  <testcase name="cap_submit" time="15.949" classname="ropa_CAPSubmit.CAP_Submit"/>
  <testcase name="chair_after_cap" time="15.993" classname="ropa_CAPSubmit.CAP_Submit"/>
</testsuite> <!-- ropa_CAPSubmit.CAP_Submit -->
