<?xml version="1.0" encoding="UTF-8"?>
<!-- Generated by org.testng.reporters.JUnitReportReporter -->
<testsuite skipped="0" hostname="MWEB-ASD3DUC014" name="ropa_reviewers_side.Reviewers_Assign" tests="2" failures="0" timestamp="25 Oct 2017 07:35:40 GMT" time="34.452" errors="0">
  <testcase name="search" time="22.346" classname="ropa_reviewers_side.Reviewers_Assign"/>
  <testcase name="admin_draft" time="12.106" classname="ropa_reviewers_side.Reviewers_Assign"/>
</testsuite> <!-- ropa_reviewers_side.Reviewers_Assign -->
