<?xml version="1.0" encoding="UTF-8"?>
<!-- Generated by org.testng.reporters.JUnitReportReporter -->
<testsuite skipped="0" hostname="MWEB-ASD3DUC014" name="ropa_CensusPart.Census_upload" tests="2" failures="0" timestamp="25 Oct 2017 07:25:22 GMT" time="22.854" errors="0">
  <testcase name="login" time="11.146" classname="ropa_CensusPart.Census_upload"/>
  <testcase name="census_upload" time="11.708" classname="ropa_CensusPart.Census_upload"/>
</testsuite> <!-- ropa_CensusPart.Census_upload -->
