<?xml version="1.0" encoding="UTF-8"?>
<!-- Generated by org.testng.reporters.JUnitReportReporter -->
<testsuite skipped="0" hostname="MWEB-ASD3DUC014" name="ropa_surveyorsAssign.Surveyors_assign" tests="1" failures="0" timestamp="25 Oct 2017 07:24:52 GMT" time="67.589" errors="0">
  <testcase name="login" time="67.589" classname="ropa_surveyorsAssign.Surveyors_assign"/>
</testsuite> <!-- ropa_surveyorsAssign.Surveyors_assign -->
