<?xml version="1.0" encoding="UTF-8"?>
<!-- Generated by org.testng.reporters.JUnitReportReporter -->
<testsuite skipped="0" hostname="MWEB-ASD2DUC014" name="ropa_CensusPart.QA_census_upload" tests="1" failures="0" timestamp="07 Jul 2017 07:43:44 GMT" time="27.278" errors="0">
  <testcase name="census_upload" time="27.278" classname="ropa_CensusPart.QA_census_upload"/>
</testsuite> <!-- ropa_CensusPart.QA_census_upload -->
