<?xml version="1.0" encoding="UTF-8"?>
<!-- Generated by org.testng.reporters.JUnitReportReporter -->
<testsuite skipped="0" hostname="MWEB-ASD2DUC014" name="ropa_1site_Application.Ropa_offline" tests="3" failures="0" timestamp="01 Jun 2017 05:50:43 GMT" time="53.975" errors="0">
  <testcase name="login" time="8.378" classname="ropa_1site_Application.Ropa_offline"/>
  <testcase name="phy_interview_form" time="11.966" classname="ropa_1site_Application.Ropa_offline"/>
  <testcase name="phy_data_collection" time="33.631" classname="ropa_1site_Application.Ropa_offline"/>
</testsuite> <!-- ropa_1site_Application.Ropa_offline -->
