<?xml version="1.0" encoding="UTF-8"?>
<!-- Generated by org.testng.reporters.JUnitReportReporter -->
<testsuite skipped="0" hostname="MWEB-ASD3DUC014" name="ropa_phyforms.Phy_interview" tests="1" failures="0" timestamp="25 Oct 2017 07:33:50 GMT" time="173.992" errors="0">
  <testcase name="Phy_interviewForms" time="173.992" classname="ropa_phyforms.Phy_interview"/>
</testsuite> <!-- ropa_phyforms.Phy_interview -->
