<?xml version="1.0" encoding="UTF-8"?>
<!-- Generated by org.testng.reporters.JUnitReportReporter -->
<testsuite skipped="0" hostname="MWEB-ASD3DUC014" name="ropa_reviewers_side.MiniAudit_finalDecision" tests="1" failures="0" timestamp="25 Sep 2017 10:01:33 GMT" time="19.542" errors="0">
  <testcase name="search" time="19.542" classname="ropa_reviewers_side.MiniAudit_finalDecision"/>
</testsuite> <!-- ropa_reviewers_side.MiniAudit_finalDecision -->
