<?xml version="1.0" encoding="UTF-8"?>
<!-- Generated by org.testng.reporters.JUnitReportReporter -->
<testsuite skipped="0" hostname="MWEB-ASD2DUC014" name="ropa_1site.QA_Application" tests="14" failures="0" timestamp="19 May 2017 12:33:03 GMT" time="155.600" errors="0">
  <testcase name="application" time="12.175" classname="ropa_1site.QA_Application"/>
  <testcase name="siteloop" time="74.356" classname="ropa_1site.QA_Application"/>
  <testcase name="page6" time="18.162" classname="ropa_1site.QA_Application"/>
  <testcase name="page7" time="6.287" classname="ropa_1site.QA_Application"/>
  <testcase name="page8" time="4.491" classname="ropa_1site.QA_Application"/>
  <testcase name="page9" time="5.607" classname="ropa_1site.QA_Application"/>
  <testcase name="page10" time="6.595" classname="ropa_1site.QA_Application"/>
  <testcase name="page11" time="4.767" classname="ropa_1site.QA_Application"/>
  <testcase name="page12" time="2.324" classname="ropa_1site.QA_Application"/>
  <testcase name="organizational_chart" time="1.748" classname="ropa_1site.QA_Application"/>
  <testcase name="survey_agreement" time="7.924" classname="ropa_1site.QA_Application"/>
  <testcase name="payment_page" time="1.114" classname="ropa_1site.QA_Application"/>
  <testcase name="r_o_peer_payment" time="1.172" classname="ropa_1site.QA_Application"/>
  <testcase name="schedule_dates" time="8.878" classname="ropa_1site.QA_Application"/>
</testsuite> <!-- ropa_1site.QA_Application -->
