<?xml version="1.0" encoding="UTF-8"?>
<!-- Generated by org.testng.reporters.JUnitReportReporter -->
<testsuite skipped="0" hostname="MWEB-ASD2DUC014" name="ropa_CensusPart.QA_census_1upload" tests="2" failures="0" timestamp="13 Jul 2017 09:51:27 GMT" time="27.612" errors="0">
  <testcase name="login" time="10.451" classname="ropa_CensusPart.QA_census_1upload"/>
  <testcase name="census_upload" time="17.161" classname="ropa_CensusPart.QA_census_1upload"/>
</testsuite> <!-- ropa_CensusPart.QA_census_1upload -->
