<?xml version="1.0" encoding="UTF-8"?>
<!-- Generated by org.testng.reporters.JUnitReportReporter -->
<testsuite skipped="0" hostname="MWEB-ASD2DUC014" name="ropa_reviewers_side.QA_Reviewers_Report" tests="3" failures="0" timestamp="13 Jul 2017 09:51:27 GMT" time="22.901" errors="0">
  <testcase name="login" time="7.867" classname="ropa_reviewers_side.QA_Reviewers_Report"/>
  <testcase name="review1_form" time="7.741" classname="ropa_reviewers_side.QA_Reviewers_Report"/>
  <testcase name="review2_form" time="7.293" classname="ropa_reviewers_side.QA_Reviewers_Report"/>
</testsuite> <!-- ropa_reviewers_side.QA_Reviewers_Report -->
