<?xml version="1.0" encoding="UTF-8"?>
<!-- Generated by org.testng.reporters.JUnitReportReporter -->
<testsuite skipped="0" hostname="MWEB-ASD3DUC014" name="ropa_offline.Phyforms_offline" tests="3" failures="0" timestamp="03 Oct 2017 07:12:54 GMT" time="73.366" errors="0">
  <testcase name="login" time="27.886" classname="ropa_offline.Phyforms_offline"/>
  <testcase name="filezip" time="0.156" classname="ropa_offline.Phyforms_offline"/>
  <testcase name="phy_interview_form" time="45.324" classname="ropa_offline.Phyforms_offline"/>
</testsuite> <!-- ropa_offline.Phyforms_offline -->
