<?xml version="1.0" encoding="UTF-8"?>
<!-- Generated by org.testng.reporters.JUnitReportReporter -->
<testsuite skipped="0" hostname="MWEB-ASD2DUC014" name="ropa_CensusPart.QA_census_2agree" tests="2" failures="0" timestamp="13 Jul 2017 09:51:27 GMT" time="18.213" errors="0">
  <testcase name="login" time="11.265" classname="ropa_CensusPart.QA_census_2agree"/>
  <testcase name="admin" time="6.948" classname="ropa_CensusPart.QA_census_2agree"/>
</testsuite> <!-- ropa_CensusPart.QA_census_2agree -->
