<?xml version="1.0" encoding="UTF-8"?>
<!-- Generated by org.testng.reporters.JUnitReportReporter -->
<testsuite skipped="0" hostname="MWEB-ASD2DUC014" name="ropa_reviewers_side.QA_Reviewers_Assign" tests="3" failures="0" timestamp="13 Jul 2017 09:51:27 GMT" time="22.615" errors="0">
  <testcase name="login" time="8.345" classname="ropa_reviewers_side.QA_Reviewers_Assign"/>
  <testcase name="search" time="4.873" classname="ropa_reviewers_side.QA_Reviewers_Assign"/>
  <testcase name="admin_draft" time="9.397" classname="ropa_reviewers_side.QA_Reviewers_Assign"/>
</testsuite> <!-- ropa_reviewers_side.QA_Reviewers_Assign -->
