<?xml version="1.0" encoding="UTF-8"?>
<!-- Generated by org.testng.reporters.JUnitReportReporter -->
<testsuite skipped="0" hostname="MWEB-ASD3DUC014" name="ropa_Chair_side.Chair_Forms" tests="2" failures="0" timestamp="24 Oct 2017 11:31:00 GMT" time="28.878" errors="0">
  <testcase name="login" time="12.292" classname="ropa_Chair_side.Chair_Forms"/>
  <testcase name="chair" time="16.586" classname="ropa_Chair_side.Chair_Forms"/>
</testsuite> <!-- ropa_Chair_side.Chair_Forms -->
