<?xml version="1.0" encoding="UTF-8"?>
<!-- Generated by org.testng.reporters.JUnitReportReporter -->
<testsuite skipped="0" hostname="MWEB-ASD2DUC014" name="ropa_CensusPart.QA_census_agree" tests="1" failures="0" timestamp="07 Jul 2017 07:44:38 GMT" time="7.384" errors="0">
  <testcase name="admin" time="7.384" classname="ropa_CensusPart.QA_census_agree"/>
</testsuite> <!-- ropa_CensusPart.QA_census_agree -->
