<?xml version="1.0" encoding="UTF-8"?>
<!-- Generated by org.testng.reporters.JUnitReportReporter -->
<testsuite skipped="0" hostname="MWEB-ASD3DUC014" name="ropaToolKit.Ropa_ToolKit_OnsiteInterview" tests="2" failures="0" timestamp="24 Oct 2017 06:42:09 GMT" time="35.507" errors="0">
  <testcase name="login" time="13.322" classname="ropaToolKit.Ropa_ToolKit_OnsiteInterview"/>
  <testcase name="Onsite_interview_forms" time="22.185" classname="ropaToolKit.Ropa_ToolKit_OnsiteInterview"/>
</testsuite> <!-- ropaToolKit.Ropa_ToolKit_OnsiteInterview -->
