<?xml version="1.0" encoding="UTF-8"?>
<!-- Generated by org.testng.reporters.JUnitReportReporter -->
<testsuite skipped="0" hostname="MWEB-ASD3DUC014" name="ropaToolKit.Ropa_ToolKit_MdDataCollection" tests="2" failures="0" timestamp="03 Oct 2017 05:53:08 GMT" time="182.695" errors="0">
  <testcase name="login" time="11.648" classname="ropaToolKit.Ropa_ToolKit_MdDataCollection"/>
  <testcase name="Onsite_interview_forms" time="171.047" classname="ropaToolKit.Ropa_ToolKit_MdDataCollection"/>
</testsuite> <!-- ropaToolKit.Ropa_ToolKit_MdDataCollection -->
