<?xml version="1.0" encoding="UTF-8"?>
<!-- Generated by org.testng.reporters.JUnitReportReporter -->
<testsuite skipped="0" hostname="MWEB-ASD3DUC014" name="ropa_CensusPart.Census_agree" tests="1" failures="0" timestamp="25 Oct 2017 07:25:47 GMT" time="21.282" errors="0">
  <testcase name="admin" time="21.282" classname="ropa_CensusPart.Census_agree"/>
</testsuite> <!-- ropa_CensusPart.Census_agree -->
