<?xml version="1.0" encoding="UTF-8"?>
<!-- Generated by org.testng.reporters.JUnitReportReporter -->
<testsuite skipped="0" hostname="MWEB-ASD2DUC014" name="ropa_1site_Application.QA_Application" tests="2" failures="0" timestamp="13 Jul 2017 09:51:27 GMT" time="219.188" errors="0">
  <testcase name="login" time="15.596" classname="ropa_1site_Application.QA_Application"/>
  <testcase name="application" time="203.592" classname="ropa_1site_Application.QA_Application"/>
</testsuite> <!-- ropa_1site_Application.QA_Application -->
