<?xml version="1.0" encoding="UTF-8"?>
<!-- Generated by org.testng.reporters.JUnitReportReporter -->
<testsuite skipped="0" hostname="MWEB-ASD3DUC014" name="ropa_mdforms.Md_OnsiteForms" tests="1" failures="0" timestamp="25 Oct 2017 07:26:48 GMT" time="54.354" errors="0">
  <testcase name="MD_onsiteInterviewForms" time="54.354" classname="ropa_mdforms.Md_OnsiteForms"/>
</testsuite> <!-- ropa_mdforms.Md_OnsiteForms -->
