<?xml version="1.0" encoding="UTF-8"?>
<!-- Generated by org.testng.reporters.JUnitReportReporter -->
<testsuite skipped="0" hostname="MWEB-ASD2DUC014" name="ropa_offline.Ropa_phyforms_offline" tests="2" failures="0" timestamp="07 Jul 2017 11:11:03 GMT" time="156.977" errors="0">
  <testcase name="filezip" time="5.620" classname="ropa_offline.Ropa_phyforms_offline"/>
  <testcase name="phy_interview_form" time="151.357" classname="ropa_offline.Ropa_phyforms_offline"/>
</testsuite> <!-- ropa_offline.Ropa_phyforms_offline -->
