<?xml version="1.0" encoding="UTF-8"?>
<!-- Generated by org.testng.reporters.JUnitReportReporter -->
<testsuite skipped="0" hostname="MWEB-ASD3DUC014" name="ropa_reviewers_side.Reviewers_Report" tests="2" failures="0" timestamp="25 Oct 2017 07:36:13 GMT" time="25.850" errors="0">
  <testcase name="review1_form" time="16.885" classname="ropa_reviewers_side.Reviewers_Report"/>
  <testcase name="review2_form" time="8.965" classname="ropa_reviewers_side.Reviewers_Report"/>
</testsuite> <!-- ropa_reviewers_side.Reviewers_Report -->
