<?xml version="1.0" encoding="UTF-8"?>
<!-- Generated by org.testng.reporters.JUnitReportReporter -->
<testsuite skipped="0" hostname="MWEB-ASD2DUC014" name="ropa_1site.QA_md_OnsiteForms" tests="1" failures="0" timestamp="19 May 2017 11:22:58 GMT" time="5.863" errors="0">
  <testcase name="md" time="5.863" classname="ropa_1site.QA_md_OnsiteForms"/>
</testsuite> <!-- ropa_1site.QA_md_OnsiteForms -->
