<?xml version="1.0" encoding="UTF-8"?>
<!-- Generated by org.testng.reporters.JUnitReportReporter -->
<testsuite skipped="0" hostname="MWEB-ASD3DUC014" name="ropa_1site_Application.MiniAudit_application" tests="2" failures="0" timestamp="13 Oct 2017 11:40:02 GMT" time="155.944" errors="0">
  <testcase name="login" time="10.476" classname="ropa_1site_Application.MiniAudit_application"/>
  <testcase name="application" time="145.468" classname="ropa_1site_Application.MiniAudit_application"/>
</testsuite> <!-- ropa_1site_Application.MiniAudit_application -->
