<?xml version="1.0" encoding="UTF-8"?>
<!-- Generated by org.testng.reporters.JUnitReportReporter -->
<testsuite skipped="0" hostname="MWEB-ASD2DUC014" name="ropa_phyforms.QA_phy_DataCollection" tests="3" failures="0" timestamp="13 Jul 2017 09:51:27 GMT" time="75.479" errors="0">
  <testcase name="login" time="12.679" classname="ropa_phyforms.QA_phy_DataCollection"/>
  <testcase name="phy_data_collection" time="47.241" classname="ropa_phyforms.QA_phy_DataCollection"/>
  <testcase name="physician_final_report" time="15.559" classname="ropa_phyforms.QA_phy_DataCollection"/>
</testsuite> <!-- ropa_phyforms.QA_phy_DataCollection -->
