<?xml version="1.0" encoding="UTF-8"?>
<!-- Generated by org.testng.reporters.JUnitReportReporter -->
<testsuite skipped="0" hostname="MWEB-ASD3DUC014" name="smoke_testing.Smoke_testing" tests="1" failures="0" timestamp="26 Oct 2017 10:26:53 GMT" time="51.096" errors="0">
  <testcase name="Basic_smoke" time="51.096" classname="smoke_testing.Smoke_testing"/>
</testsuite> <!-- smoke_testing.Smoke_testing -->
